Creating VGG16BN untrained tinyimagenet models...
Saving CNN...
Saving SDN...
Training models...
Loading TinyImageNet...
Creating VGG16BN untrained tinyimagenet models...
Saving CNN...
Saving SDN...
Training models...
Loading TinyImageNet...
Creating VGG16BN untrained tinyimagenet models...
Saving CNN...
Saving SDN...
Training models...
Loading TinyImageNet...
Creating VGG16BN untrained tinyimagenet models...
Saving CNN...
Saving SDN...
Training models...
Loading TinyImageNet...
Creating VGG16BN untrained tinyimagenet models...
Saving CNN...
Saving SDN...
Training models...
Loading TinyImageNet...
Creating VGG16BN untrained tinyimagenet models...
Saving CNN...
Saving SDN...
Training models...
Loading TinyImageNet...
Creating VGG16BN untrained tinyimagenet models...
Saving CNN...
Saving SDN...
Training models...
Loading TinyImageNet...
Creating VGG16BN untrained tinyimagenet models...
Saving CNN...
Saving SDN...
Training models...
Loading TinyImageNet...
Training: tinyimagenet_vgg16bn_cnn...
Epoch: 1/100
Cur lr: 0.1
Creating VGG16BN untrained tinyimagenet models...
Saving CNN...
Saving SDN...
Training models...
Loading TinyImageNet...
Training: tinyimagenet_vgg16bn_cnn...
Epoch: 1/100
Cur lr: 0.1
